old read = 

 ltqsq
------------
 1693380861

(1 rows)
new read = 

 ltqsq
------------
 1693380861

(1 rows)

old read = 

 ltqsq
------------
 1693380861

(1 rows)
new read = 

 ltqsq
------------
 1693380861

(1 rows)

old read = 

 ltqsq
------------
 1693380861

(1 rows)
new read = 

 ltqsq
------------
 1693380861

(1 rows)

old read = 

 ltqsq
------------
 1693380861

(1 rows)
new read = 

 ltqsq
------------
 1693380861

(1 rows)

old read = 

 ltqsq
------------
 1693380861

(1 rows)
new read = 

 ltqsq
------------
 1693380861

(1 rows)

old read = 

 ltqsq
------------
 1693380861

(1 rows)
new read = 

 ltqsq
------------
 1693380861

(1 rows)

old read = 

 ltqsq
------------
 1693380861

(1 rows)
new read = 

 ltqsq
------------
 1693380861

(1 rows)

old read = 

 ltqsq
------------
 1693380861

(1 rows)
new read = 

 ltqsq
------------
 1693380861

(1 rows)

old read = 

 ltqsq
------------
 1693380861

(1 rows)
new read = 

 ltqsq
------------
 1693380861

(1 rows)

old read = 

 ltqsq
------------
 1693380861

(1 rows)
new read = 

 ltqsq
------------
 1693380861

(1 rows)

old read = 

 ltqsq
------------
 1693380861

(1 rows)
new read = 

 ltqsq
------------
 1693380861

(1 rows)

old read = 

 ltqsq
------------
 1693380861

(1 rows)
new read = 

 ltqsq
------------
 1693380861

(1 rows)

old read = 

 ltqsq
------------
 1693380861

(1 rows)
new read = 

 ltqsq
------------
 1693380861

(1 rows)

old read = 

 ltqsq
------------
 1693380861

(1 rows)
new read = 

 ltqsq
------------
 1693380861

(1 rows)

old read = 

 ltqsq
------------
 1693380861

(1 rows)
new read = 

 ltqsq
------------
 1693380861

(1 rows)

old read = 

 ltqsq
------------
 1693380861

(1 rows)
new read = 

 ltqsq
------------
 1693380861

(1 rows)

old read = 

 ltqsq
------------
 1693380861

(1 rows)
new read = 

 ltqsq
------------
 1693380861

(1 rows)

old read = 

 ltqsq
------------
 1693380861

(1 rows)
new read = 

 ltqsq
------------
 1693380861

(1 rows)

old read = 

 ltqsq
------------
 1693380861

(1 rows)
new read = 

 ltqsq
------------
 1693380861

(1 rows)

